In file included from ../src/bufferutil.cc:15:
/Volumes/disk02/Projects/react/blog/node_modules/nan/nan.h:107:11: error: no type named 'Handle' in namespace 'v8'
    , v8::Handle<v8::String> opt, bool def) {
      ~~~~^
/Volumes/disk02/Projects/react/blog/node_modules/nan/nan.h:107:17: error: expected ')'
    , v8::Handle<v8::String> opt, bool def) {
                ^
/Volumes/disk02/Projects/react/blog/node_modules/nan/nan.h:105:41: note: to match this '('
static inline bool NanBooleanOptionValue(
                                        ^
/Volumes/disk02/Projects/react/blog/node_modules/nan/nan.h:109:7: error: use of undeclared identifier 'def'
  if (def) {
      ^
/Volumes/disk02/Projects/react/blog/node_modules/nan/nan.h:111:27: error: use of undeclared identifier 'opt'
      || !optionsObj->Has(opt)
                          ^
/Volumes/disk02/Projects/react/blog/node_modules/nan/nan.h:112:26: error: use of undeclared identifier 'opt'
      || optionsObj->Get(opt)->BooleanValue();
                         ^
/Volumes/disk02/Projects/react/blog/node_modules/nan/nan.h:115:26: error: use of undeclared identifier 'opt'
      && optionsObj->Has(opt)
                         ^
/Volumes/disk02/Projects/react/blog/node_modules/nan/nan.h:116:26: error: use of undeclared identifier 'opt'
      && optionsObj->Get(opt)->BooleanValue();
                         ^
/Volumes/disk02/Projects/react/blog/node_modules/nan/nan.h:122:11: error: no type named 'Handle' in namespace 'v8'
    , v8::Handle<v8::String> opt) {
      ~~~~^
/Volumes/disk02/Projects/react/blog/node_modules/nan/nan.h:122:17: error: expected ')'
    , v8::Handle<v8::String> opt) {
                ^
/Volumes/disk02/Projects/react/blog/node_modules/nan/nan.h:120:41: note: to match this '('
static inline bool NanBooleanOptionValue(
                                        ^
/Volumes/disk02/Projects/react/blog/node_modules/nan/nan.h:123:44: error: use of undeclared identifier 'opt'
  return NanBooleanOptionValue(optionsObj, opt, false);
                                           ^
/Volumes/disk02/Projects/react/blog/node_modules/nan/nan.h:128:11: error: no type named 'Handle' in namespace 'v8'
    , v8::Handle<v8::String> opt
      ~~~~^
/Volumes/disk02/Projects/react/blog/node_modules/nan/nan.h:128:17: error: expected ')'
    , v8::Handle<v8::String> opt
                ^
/Volumes/disk02/Projects/react/blog/node_modules/nan/nan.h:126:44: note: to match this '('
static inline uint32_t NanUInt32OptionValue(
                                           ^
/Volumes/disk02/Projects/react/blog/node_modules/nan/nan.h:132:24: error: use of undeclared identifier 'opt'
    && optionsObj->Has(opt)
                       ^
/Volumes/disk02/Projects/react/blog/node_modules/nan/nan.h:133:24: error: use of undeclared identifier 'opt'
    && optionsObj->Get(opt)->IsNumber()
                       ^
/Volumes/disk02/Projects/react/blog/node_modules/nan/nan.h:134:25: error: use of undeclared identifier 'opt'
      ? optionsObj->Get(opt)->Uint32Value()
                        ^
/Volumes/disk02/Projects/react/blog/node_modules/nan/nan.h:135:9: error: use of undeclared identifier 'def'
      : def;
        ^
/Volumes/disk02/Projects/react/blog/node_modules/nan/nan.h:213:5: error: no member named 'ThrowException' in namespace 'v8'
    _NAN_THROW_ERROR(v8::Exception::Error, errmsg);
    ^~~~~~~~~~~~~~~~~~~~~~~~~~~~~~~~~~~~~~~~~~~~~~
/Volumes/disk02/Projects/react/blog/node_modules/nan/nan.h:209:11: note: expanded from macro '_NAN_THROW_ERROR'
      v8::ThrowException(fun(v8::String::New(errmsg)));                        \
      ~~~~^
/Volumes/disk02/Projects/react/blog/node_modules/nan/nan.h:213:5: error: no member named 'New' in 'v8::String'
    _NAN_THROW_ERROR(v8::Exception::Error, errmsg);
    ^~~~~~~~~~~~~~~~~~~~~~~~~~~~~~~~~~~~~~~~~~~~~~
/Volumes/disk02/Projects/react/blog/node_modules/nan/nan.h:209:42: note: expanded from macro '_NAN_THROW_ERROR'
      v8::ThrowException(fun(v8::String::New(errmsg)));                        \
                             ~~~~~~~~~~~~^
/Volumes/disk02/Projects/react/blog/node_modules/nan/nan.h:216:3: warning: inline variables are a C++1z extension [-Wc++1z-extensions]
  inline static void NanThrowError(v8::Handle<v8::Value> error) {
  ^
/Volumes/disk02/Projects/react/blog/node_modules/nan/nan.h:216:22: error: variable has incomplete type 'void'
  inline static void NanThrowError(v8::Handle<v8::Value> error) {
                     ^
fatal error: too many errors emitted, stopping now [-ferror-limit=]
1 warning and 20 errors generated.
make: *** [Release/obj.target/bufferutil/src/bufferutil.o] Error 1
gyp ERR! build error 
gyp ERR! stack Error: `make` failed with exit code: 2
gyp ERR! stack     at ChildProcess.onExit (/usr/local/lib/node_modules/npm/node_modules/node-gyp/lib/build.js:194:23)
gyp ERR! stack     at ChildProcess.emit (events.js:315:20)
gyp ERR! stack     at Process.ChildProcess._handle.onexit (internal/child_process.js:277:12)
gyp ERR! System Darwin 16.7.0
gyp ERR! command "/usr/local/bin/node" "/usr/local/lib/node_modules/npm/node_modules/node-gyp/bin/node-gyp.js" "rebuild"
gyp ERR! cwd /Volumes/disk02/Projects/react/blog/node_modules/ws
gyp ERR! node -v v14.15.1
gyp ERR! node-gyp -v v5.1.0
gyp ERR! not ok 
